[debug] [2021-10-25T18:52:28.289Z] ----------------------------------------------------------------------
[debug] [2021-10-25T18:52:28.294Z] Command:       C:\Program Files\nodejs\node.exe C:\Users\rruby\AppData\Roaming\npm\node_modules\firebase-tools\lib\bin\firebase.js login
[debug] [2021-10-25T18:52:28.294Z] CLI Version:   9.17.0
[debug] [2021-10-25T18:52:28.295Z] Platform:      win32
[debug] [2021-10-25T18:52:28.295Z] Node Version:  v14.17.5
[debug] [2021-10-25T18:52:28.296Z] Time:          Tue Oct 26 2021 00:22:28 GMT+0530 (India Standard Time)
[debug] [2021-10-25T18:52:28.297Z] ----------------------------------------------------------------------
[debug] 
[info] i  Firebase optionally collects CLI usage and error reporting information to help improve our products. Data is collected in accordance with Google's privacy policy (https://policies.google.com/privacy) and is not used to identify you.
 
[info] i  To change your data collection preference at any time, run `firebase logout` and log in again. 
[info] 
[info] Visit this URL on this device to log in:
[info] https://accounts.google.com/o/oauth2/auth?client_id=563584335869-fgrhgmd47bqnekij5i8b5pr03ho849e6.apps.googleusercontent.com&scope=email%20openid%20https%3A%2F%2Fwww.googleapis.com%2Fauth%2Fcloudplatformprojects.readonly%20https%3A%2F%2Fwww.googleapis.com%2Fauth%2Ffirebase%20https%3A%2F%2Fwww.googleapis.com%2Fauth%2Fcloud-platform&response_type=code&state=487902974&redirect_uri=http%3A%2F%2Flocalhost%3A9005
[info] 
[info] Waiting for authentication...
[debug] [2021-10-25T18:53:31.480Z] ----------------------------------------------------------------------
[debug] [2021-10-25T18:53:31.483Z] Command:       C:\Program Files\nodejs\node.exe C:\Users\rruby\AppData\Roaming\npm\node_modules\firebase-tools\lib\bin\firebase.js login
[debug] [2021-10-25T18:53:31.484Z] CLI Version:   9.17.0
[debug] [2021-10-25T18:53:31.484Z] Platform:      win32
[debug] [2021-10-25T18:53:31.484Z] Node Version:  v14.17.5
[debug] [2021-10-25T18:53:31.486Z] Time:          Tue Oct 26 2021 00:23:31 GMT+0530 (India Standard Time)
[debug] [2021-10-25T18:53:31.486Z] ----------------------------------------------------------------------
[debug] 
[info] i  Firebase optionally collects CLI usage and error reporting information to help improve our products. Data is collected in accordance with Google's privacy policy (https://policies.google.com/privacy) and is not used to identify you.
 
[info] i  To change your data collection preference at any time, run `firebase logout` and log in again. 
[info] 
[info] Visit this URL on this device to log in:
[info] https://accounts.google.com/o/oauth2/auth?client_id=563584335869-fgrhgmd47bqnekij5i8b5pr03ho849e6.apps.googleusercontent.com&scope=email%20openid%20https%3A%2F%2Fwww.googleapis.com%2Fauth%2Fcloudplatformprojects.readonly%20https%3A%2F%2Fwww.googleapis.com%2Fauth%2Ffirebase%20https%3A%2F%2Fwww.googleapis.com%2Fauth%2Fcloud-platform&response_type=code&state=579635070&redirect_uri=http%3A%2F%2Flocalhost%3A9005
[info] 
[info] Waiting for authentication...
